<?xml version="1.0" encoding="UTF-8"?>
<testng-results ignored="0" total="2" passed="2" failed="0" skipped="0">
  <reporter-output>
  </reporter-output>
  <suite started-at="2020-04-25T03:59:09 CEST" name="Default suite" finished-at="2020-04-25T03:59:31 CEST" duration-ms="22139">
    <groups>
    </groups>
    <test started-at="2020-04-25T03:59:09 CEST" name="Default test" finished-at="2020-04-25T03:59:31 CEST" duration-ms="22139">
      <class name="test.TestCase">
        <test-method signature="register()[pri:1, instance:test.TestCase@75f9eccc]" started-at="2020-04-25T03:59:09 CEST" name="register" finished-at="2020-04-25T03:59:23 CEST" duration-ms="14259" status="PASS">
          <reporter-output>
          </reporter-output>
        </test-method> <!-- register -->
        <test-method signature="Login()[pri:2, instance:test.TestCase@75f9eccc]" started-at="2020-04-25T03:59:23 CEST" name="Login" finished-at="2020-04-25T03:59:31 CEST" duration-ms="7802" status="PASS">
          <reporter-output>
          </reporter-output>
        </test-method> <!-- Login -->
      </class> <!-- test.TestCase -->
    </test> <!-- Default test -->
  </suite> <!-- Default suite -->
</testng-results>
